[2025-08-24T13:20:49.792Z] [INFO ] التحقق من IP الحالي - Checking current IP: 172.31.107.226
[2025-08-24T13:20:49.800Z] [WARN ] محاولة وصول غير مصرح بها من - Unauthorized access attempt from: 172.31.107.226
[2025-08-24T13:20:49.801Z] [ERROR] فشل في التحقق من الأمان - Access denied due to security validation failure
[2025-08-24T13:24:00.827Z] [INFO ] تم تشغيل البوت بدون قيود IP - Bot running without IP restrictions
[2025-08-24T13:24:00.834Z] [INFO ] بدء تشغيل Instagram Bot Framework...
[2025-08-24T13:24:00.834Z] [INFO ] Starting Instagram Bot Framework...
[2025-08-24T13:24:00.834Z] [INFO ] بدء تهيئة قاعدة البيانات - Starting database initialization...
[2025-08-24T13:24:00.836Z] [INFO ] إنشاء الجداول - Creating tables...
[2025-08-24T13:24:01.054Z] [INFO ] تم إنشاء جميع الجداول بنجاح - All tables created successfully
[2025-08-24T13:24:01.054Z] [INFO ] إنشاء الفهارس - Creating indexes...
[2025-08-24T13:24:01.293Z] [INFO ] تم إنشاء جميع الفهارس بنجاح - All indexes created successfully
[2025-08-24T13:24:01.293Z] [INFO ] فحص التحديثات المطلوبة - Checking for required migrations...
[2025-08-24T13:24:01.320Z] [INFO ] تم تنفيذ التحديث - Migration executed: 1.0.0
[2025-08-24T13:24:01.321Z] [INFO ] تم تهيئة قاعدة البيانات بنجاح - Database initialized successfully
[2025-08-24T13:24:01.321Z] [INFO ] تم تهيئة قاعدة البيانات بنجاح - Database initialized successfully
[2025-08-24T13:24:01.321Z] [INFO ] بدء تهيئة البوت - Starting bot initialization...
[2025-08-24T13:24:01.322Z] [INFO ] بدء تحميل الأوامر - Starting to load commands...
[2025-08-24T13:24:01.323Z] [INFO ] تم تحميل 1 أمر بنجاح، فشل 0 - Loaded 1 commands successfully, 0 failed
[2025-08-24T13:24:01.323Z] [INFO ] بدء تحميل الأحداث - Starting to load events...
[2025-08-24T13:24:01.324Z] [INFO ] تم تحميل 1 حدث بنجاح، فشل 0 - Loaded 1 events successfully, 0 failed
[2025-08-24T13:24:01.324Z] [INFO ] بدء تهيئة نظام المصادقة - Initializing authentication system...
[2025-08-24T13:24:01.325Z] [INFO ] لا توجد كوكيز محفوظة - No saved cookies found
[2025-08-24T13:24:01.325Z] [INFO ] تم تهيئة المصادقة بنجاح - Authentication initialized successfully
[2025-08-24T13:24:01.325Z] [INFO ] تم تهيئة البوت بنجاح - Bot initialized successfully
[2025-08-24T13:24:01.325Z] [INFO ] البوت جاهز للعمل - Bot is ready to work!
[2025-08-24T13:24:01.326Z] [INFO ] تم تشغيل البوت بنجاح! - Bot started successfully!
[2025-08-24T13:31:52.164Z] [INFO ] تم تشغيل البوت بدون قيود IP - Bot running without IP restrictions
[2025-08-24T13:31:52.177Z] [INFO ] بدء تشغيل Instagram Bot Framework...
[2025-08-24T13:31:52.178Z] [INFO ] Starting Instagram Bot Framework...
[2025-08-24T13:31:52.178Z] [INFO ] بدء تهيئة قاعدة البيانات - Starting database initialization...
[2025-08-24T13:31:52.184Z] [INFO ] إنشاء الجداول - Creating tables...
[2025-08-24T13:31:52.210Z] [INFO ] تم إنشاء جميع الجداول بنجاح - All tables created successfully
[2025-08-24T13:31:52.210Z] [INFO ] إنشاء الفهارس - Creating indexes...
[2025-08-24T13:31:52.242Z] [INFO ] تم إنشاء جميع الفهارس بنجاح - All indexes created successfully
[2025-08-24T13:31:52.243Z] [INFO ] فحص التحديثات المطلوبة - Checking for required migrations...
[2025-08-24T13:31:52.246Z] [INFO ] تم تهيئة قاعدة البيانات بنجاح - Database initialized successfully
[2025-08-24T13:31:52.246Z] [INFO ] تم تهيئة قاعدة البيانات بنجاح - Database initialized successfully
[2025-08-24T13:31:52.246Z] [INFO ] بدء تهيئة البوت - Starting bot initialization...
[2025-08-24T13:31:52.248Z] [INFO ] بدء تحميل الأوامر - Starting to load commands...
[2025-08-24T13:31:52.249Z] [INFO ] تم تحميل 1 أمر بنجاح، فشل 0 - Loaded 1 commands successfully, 0 failed
[2025-08-24T13:31:52.249Z] [INFO ] بدء تحميل الأحداث - Starting to load events...
[2025-08-24T13:31:52.251Z] [INFO ] تم تحميل 1 حدث بنجاح، فشل 0 - Loaded 1 events successfully, 0 failed
[2025-08-24T13:31:52.251Z] [INFO ] بدء تهيئة نظام المصادقة - Initializing authentication system...
[2025-08-24T13:31:52.252Z] [INFO ] لا توجد كوكيز محفوظة - No saved cookies found
[2025-08-24T13:31:52.252Z] [INFO ] تم تهيئة المصادقة بنجاح - Authentication initialized successfully
[2025-08-24T13:31:52.252Z] [INFO ] تم تهيئة البوت بنجاح - Bot initialized successfully
[2025-08-24T13:31:52.253Z] [INFO ] البوت جاهز للعمل - Bot is ready to work!
[2025-08-24T13:31:52.253Z] [INFO ] تم تشغيل البوت بنجاح! - Bot started successfully!
[2025-08-24T13:32:48.295Z] [INFO ] تم تحميل لغة - Language loaded: ar
[2025-08-24T13:32:48.301Z] [INFO ] تم تحميل لغة - Language loaded: en
[2025-08-24T13:32:48.301Z] [INFO ] اللغة النشطة - Active language: ar
[2025-08-24T13:32:48.314Z] [INFO ] تم تشغيل البوت بدون قيود IP - Bot running without IP restrictions
[2025-08-24T13:32:48.314Z] [INFO ] بدء تشغيل Instagram Bot Framework...
[2025-08-24T13:32:48.314Z] [INFO ] Starting Instagram Bot Framework...
[2025-08-24T13:32:48.315Z] [INFO ] بدء تهيئة قاعدة البيانات - Starting database initialization...
[2025-08-24T13:32:48.320Z] [INFO ] إنشاء الجداول - Creating tables...
[2025-08-24T13:32:48.341Z] [INFO ] تم إنشاء جميع الجداول بنجاح - All tables created successfully
[2025-08-24T13:32:48.342Z] [INFO ] إنشاء الفهارس - Creating indexes...
[2025-08-24T13:32:48.360Z] [INFO ] تم إنشاء جميع الفهارس بنجاح - All indexes created successfully
[2025-08-24T13:32:48.360Z] [INFO ] فحص التحديثات المطلوبة - Checking for required migrations...
[2025-08-24T13:32:48.368Z] [INFO ] تم تهيئة قاعدة البيانات بنجاح - Database initialized successfully
[2025-08-24T13:32:48.369Z] [INFO ] تم تهيئة قاعدة البيانات بنجاح - Database initialized successfully
[2025-08-24T13:32:48.369Z] [INFO ] بدء تهيئة البوت - Starting bot initialization...
[2025-08-24T13:32:48.380Z] [INFO ] تم تحميل لغة - Language loaded: ar
[2025-08-24T13:32:48.381Z] [INFO ] تم تحميل لغة - Language loaded: en
[2025-08-24T13:32:48.381Z] [INFO ] اللغة النشطة - Active language: ar
[2025-08-24T13:32:48.382Z] [INFO ] تم إعادة تحميل ملفات اللغات - Language files reloaded
[2025-08-24T13:32:48.382Z] [INFO ] بدء تحميل الأوامر - Starting to load commands...
[2025-08-24T13:32:48.384Z] [INFO ] تم تحميل 1 أمر بنجاح، فشل 0 - Loaded 1 commands successfully, 0 failed
[2025-08-24T13:32:48.385Z] [INFO ] بدء تحميل الأحداث - Starting to load events...
[2025-08-24T13:32:48.386Z] [INFO ] تم تحميل 1 حدث بنجاح، فشل 0 - Loaded 1 events successfully, 0 failed
[2025-08-24T13:32:48.387Z] [INFO ] بدء تهيئة نظام المصادقة - Initializing authentication system...
[2025-08-24T13:32:48.390Z] [INFO ] لا توجد كوكيز محفوظة - No saved cookies found
[2025-08-24T13:32:48.392Z] [INFO ] تم تهيئة المصادقة بنجاح - Authentication initialized successfully
[2025-08-24T13:32:48.393Z] [INFO ] تم تهيئة البوت بنجاح - Bot initialized successfully
[2025-08-24T13:32:48.393Z] [INFO ] البوت جاهز للعمل - Bot is ready to work!
[2025-08-24T13:32:48.393Z] [INFO ] تم تشغيل البوت بنجاح! - Bot started successfully!
